<?xml version="1.0" encoding="UTF-8"?>
<!-- Generated by org.testng.reporters.JUnitXMLReporter -->
<testsuite ignored="1" hostname="DESKTOP-FK4CUPU" failures="1" tests="2" name="Test" time="55.492" errors="0" timestamp="2022-04-07T11:16:34 IST">
  <testcase classname="test.No_Page1test" name="test1" time="0.28"/>
  <testcase classname="test.No_Page1test" name="test2" time="10.934">
    <failure type="java.lang.AssertionError" message="expected [true] but found [false]">
      <![CDATA[java.lang.AssertionError: expected [true] but found [false]
at test.No_Page1test.test2(No_Page1test.java:25)
at java.base/java.util.ArrayList.forEach(ArrayList.java:1511)
... Removed 31 stack frames]]>
    </failure>
  </testcase> <!-- test2 -->
  <testcase classname="test.No_Basetest" name="@AfterSuite tearDown" time="0.0">
    <ignored/>
  </testcase> <!-- @AfterSuite tearDown -->
</testsuite> <!-- Test -->
