<?xml version="1.0" encoding="UTF-8"?>
<!-- Generated by org.testng.reporters.JUnitXMLReporter -->
<testsuite hostname="DESKTOP-FK4CUPU" ignored="1" name="Test" tests="2" failures="1" timestamp="2022-04-07T15:11:15 IST" time="129.106" errors="0">
  <testcase name="test1" time="0.591" classname="test.No_Page1test"/>
  <testcase name="test2" time="8.41" classname="test.No_Page1test">
    <failure type="java.lang.AssertionError" message="expected [true] but found [false]">
      <![CDATA[java.lang.AssertionError: expected [true] but found [false]
at test.No_Page1test.test2(No_Page1test.java:25)
at java.util.ArrayList.forEach(ArrayList.java:1259)
... Removed 35 stack frames]]>
    </failure>
  </testcase> <!-- test2 -->
  <testcase name="@AfterSuite tearDown" time="0.0" classname="test.No_Basetest">
    <ignored/>
  </testcase> <!-- @AfterSuite tearDown -->
</testsuite> <!-- Test -->
